<?xml version="1.0" encoding="UTF-8"?>
<!-- Generated by org.testng.reporters.JUnitReportReporter -->
<testsuite hostname="LIPU-PC" failures="0" tests="1" name="testRunner_project5.TestRunner_project5" time="5.514" errors="0" timestamp="2023-06-11T20:26:05 EDT" skipped="0">
  <testcase classname="testRunner_project5.TestRunner_project5" name="feature" time="5.514"/>
  <system-out/>
</testsuite> <!-- testRunner_project5.TestRunner_project5 -->
